no   1  1123925329 45 
no   2  -638608154 35 
no   3  1782335627 35 
no   4  -146541120 35 
no   5   432990295 35 
no   6  1335282836 40 
no   7 -1480655613 35 
no   8  2059004843 35 
no   9 -1739053635 40 
no  10  1198494742 35 
no  11    61862413 35 
no  12 -1787407201 35 
no  13    52790104 40 
no  14    19496226 40 
no  15  1105576909 40 
no  16   887837449 40 
no  17  -799909590 35 
no  18    83397095 40 
no  19   126942383 40 
no  20   953286887 40 
no  21   925605635 40 
no  22  -630602914 40 
no  23  1916211628 40 
no  24  -398224711 35 
no  25 -1408067549 35 
no  26   101949539 35 
no  27 -1090412650 35 
no  28   699305797 35 
no  29   -68537627 35 
no  30  -427693615 35 
no  31  1728126781 40 
no  32  1907610885 40 
no  33   927766232 35 
no  34  2021859038 35 
no  35 -1713521392 35 
no  36  2098283443 35 
no  37 -1480636488 40 
no  38  1123092368 40 
no  39  -595050641 40 
no  40   929416252 35 
no  41   883997865 35 
no  42  2133750815 35 
no  43  -115840021 35 
no  44  -624308674 35 
no  45 -1453655243 40 
no  46   576432526 40 
no  47 -1606612180 35 
no  48 -1927549147 35 
no  49  1302034618 35 
no  50  -460130539 35 
no  51  1523629477 40 
no  52 -1818462110 40 
no  53  -321205442 40 
no  54  1077686013 35 
no  55  -888005942 35 
no  56  1808888609 35 
no  57   568825867 40 
no  58  -819539193 40 
no  59  1949253829 35 
no  60    45246214 35 
no  61 -2007135005 35 
no  62 -1558055285 35 
no  63   482179017 35 
no  64   764072428 40 
no  65   124159275 40 
no  66  1410743132 35 
no  67  -978667447 35 
no  68   186807187 35 
no  69   642677069 35 
no  70   648474729 40 
no  71 -1471378877 40 
no  72 -1153336057 40 
no  73  -865481678 40 
no  74  -650653737 35 
no  75  -337408037 35 
no  76  2036154356 35 
no  77 -1104999366 40 
no  78  -973977455 40 
no  79 -1483316028 40 
no  80   882546612 35 
no  81  1605450589 35 
no  82  -854038418 35 
no  83   -31104357 35 
no  84  -821289652 35 
no  85   444948705 40 
no  86  -426050014 40 
no  87  1455086923 40 
no  88  -461272193 35 
no  89  -547048179 35 
no  90 -1567384779 35 
no  91  1992562137 35 
no  92 -2121632266 35 
no  93  1362271363 35 
no  94  1496969535 40 
no  95   879240104 40 
no  96  1608190588 40 
no  97  1238800802 35 
no  98  -549071128 35 
no  99  1784341116 35 
no 100   695054135 40 
Time excuted : 3.710000 
