total stack size : 1038161 / 5560000 
no   1  1123925329 40 
total stack size : 1038132 / 6490100 
no   2  -638608154 40 
total stack size : 1038222 / 7210700 
no   3  1782335627 40 
total stack size : 1038019 / 7938800 
no   4  -146541120 35 
total stack size : 1038240 / 8446200 
no   5   432990295 35 
total stack size : 1038114 / 8875800 
no   6  1335282836 35 
total stack size : 1038149 / 9261000 
no   7 -1480655613 35 
total stack size : 1038092 / 9605600 
no   8  2059004843 35 
total stack size : 1038106 / 9895500 
no   9 -1739053635 35 
total stack size : 1038144 / 10146100 
no  10  1198494742 35 
total stack size : 1037959 / 10398300 
no  11    61862413 35 
total stack size : 1038038 / 10598400 
no  12 -1787407201 35 
total stack size : 1038171 / 11010100 
no  13    52790104 35 
total stack size : 1038028 / 11152800 
no  14    19496226 35 
total stack size : 1038142 / 11305700 
no  15  1105576909 35 
total stack size : 1038065 / 11440900 
no  16   887837449 35 
total stack size : 1038047 / 11665400 
no  17  -799909590 35 
total stack size : 1038392 / 11886600 
no  18    83397095 35 
total stack size : 1038141 / 11984000 
no  19   126942383 30 
total stack size : 1038175 / 12198100 
no  20   953286887 30 
total stack size : 1037957 / 12601400 
no  21   925605635 35 
total stack size : 1038023 / 12704000 
no  22  -630602914 35 
total stack size : 1038220 / 12815900 
no  23  1916211628 30 
total stack size : 1038277 / 12961400 
no  24  -398224711 35 
total stack size : 1038152 / 13038200 
no  25 -1408067549 35 
total stack size : 1038004 / 13150400 
no  26   101949539 35 
total stack size : 1038161 / 13263100 
no  27 -1090412650 35 
total stack size : 1038024 / 13330800 
no  28   699305797 30 
total stack size : 1038201 / 13407800 
no  29   -68537627 35 
total stack size : 1038173 / 13477100 
no  30  -427693615 35 
total stack size : 1038321 / 13552700 
no  31  1728126781 35 
total stack size : 1038020 / 13650900 
no  32  1907610885 35 
total stack size : 1037955 / 13715500 
no  33   927766232 35 
total stack size : 1037949 / 13783700 
no  34  2021859038 35 
total stack size : 1038276 / 13836100 
no  35 -1713521392 35 
total stack size : 1038325 / 13905500 
no  36  2098283443 35 
total stack size : 1038053 / 13960500 
no  37 -1480636488 35 
total stack size : 1038007 / 14011200 
no  38  1123092368 30 
total stack size : 1038025 / 14114800 
no  39  -595050641 30 
total stack size : 1038194 / 14163400 
no  40   929416252 30 
total stack size : 1038114 / 14213600 
no  41   883997865 35 
total stack size : 1038100 / 14414400 
no  42  2133750815 35 
total stack size : 1037937 / 14459700 
no  43  -115840021 35 
total stack size : 1037988 / 14505700 
no  44  -624308674 35 
total stack size : 1037919 / 14555900 
no  45 -1453655243 30 
total stack size : 1038048 / 14708300 
no  46   576432526 30 
total stack size : 1038300 / 14751300 
no  47 -1606612180 30 
total stack size : 1038269 / 14816900 
no  48 -1927549147 35 
total stack size : 1038239 / 14868700 
no  49  1302034618 30 
total stack size : 1038250 / 14955100 
no  50  -460130539 30 
total stack size : 1038302 / 15090100 
no  51  1523629477 35 
total stack size : 1037940 / 15140600 
no  52 -1818462110 35 
total stack size : 1038071 / 15184600 
no  53  -321205442 35 
total stack size : 1038037 / 15227400 
no  54  1077686013 35 
total stack size : 1038137 / 15265800 
no  55  -888005942 35 
total stack size : 1038147 / 15327800 
no  56  1808888609 35 
total stack size : 1038120 / 15366000 
no  57   568825867 30 
total stack size : 1038156 / 15402200 
no  58  -819539193 30 
total stack size : 1038198 / 15447600 
no  59  1949253829 30 
total stack size : 1038160 / 15483200 
no  60    45246214 30 
total stack size : 1038146 / 15542200 
no  61 -2007135005 30 
total stack size : 1038038 / 15603400 
no  62 -1558055285 30 
total stack size : 1037870 / 15648400 
no  63   482179017 35 
total stack size : 1038149 / 15681800 
no  64   764072428 30 
total stack size : 1038196 / 15714000 
no  65   124159275 30 
total stack size : 1038214 / 15762800 
no  66  1410743132 30 
total stack size : 1038059 / 15796600 
no  67  -978667447 30 
total stack size : 1038094 / 15828200 
no  68   186807187 30 
total stack size : 1038083 / 15874400 
no  69   642677069 30 
total stack size : 1038225 / 15919000 
no  70   648474729 30 
total stack size : 1038159 / 15953800 
no  71 -1471378877 35 
total stack size : 1037920 / 16037000 
no  72 -1153336057 35 
total stack size : 1038145 / 16177600 
no  73  -865481678 35 
total stack size : 1038094 / 16301800 
no  74  -650653737 30 
total stack size : 1038084 / 16330800 
no  75  -337408037 30 
total stack size : 1037992 / 16353800 
no  76  2036154356 30 
total stack size : 1038075 / 16389400 
no  77 -1104999366 35 
total stack size : 1038235 / 16423000 
no  78  -973977455 35 
total stack size : 1038137 / 16507000 
no  79 -1483316028 35 
total stack size : 1037929 / 16540900 
no  80   882546612 35 
total stack size : 1037993 / 16573900 
no  81  1605450589 35 
total stack size : 1038146 / 16602700 
no  82  -854038418 35 
total stack size : 1038217 / 16635500 
no  83   -31104357 35 
total stack size : 1038138 / 16719300 
no  84  -821289652 35 
total stack size : 1038076 / 16747900 
no  85   444948705 35 
total stack size : 1038156 / 16783500 
no  86  -426050014 35 
total stack size : 1037955 / 16805600 
no  87  1455086923 30 
total stack size : 1038036 / 16859800 
no  88  -461272193 30 
total stack size : 1037950 / 16891100 
no  89  -547048179 30 
total stack size : 1038114 / 16919700 
no  90 -1567384779 30 
total stack size : 1038249 / 16975700 
no  91  1992562137 35 
total stack size : 1038120 / 16998900 
no  92 -2121632266 35 
total stack size : 1038094 / 17097300 
no  93  1362271363 35 
total stack size : 1038173 / 17117900 
no  94  1496969535 35 
total stack size : 1038333 / 17294700 
no  95   879240104 40 
total stack size : 1038210 / 17321900 
no  96  1608190588 35 
total stack size : 1038164 / 17350700 
no  97  1238800802 35 
total stack size : 1038015 / 17376300 
no  98  -549071128 35 
total stack size : 1037952 / 17450900 
no  99  1784341116 35 
total stack size : 1038344 / 17554900 
no 100   695054135 35 
Time excuted : 3.360000 
