no   1  1123925329 150 
no   2  -638608154 150 
no   3  1782335627 150 
no   4  -146541120 150 
no   5   432990295 155 
no   6  1335282836 145 
no   7 -1480655613 145 
no   8  2059004843 145 
no   9 -1739053635 145 
no  10  1198494742 150 
no  11    61862413 150 
no  12 -1787407201 150 
no  13    52790104 150 
no  14    19496226 145 
no  15  1105576909 145 
no  16   887837449 145 
no  17  -799909590 150 
no  18    83397095 160 
no  19   126942383 155 
no  20   953286887 145 
no  21   925605635 150 
no  22  -630602914 155 
no  23  1916211628 150 
no  24  -398224711 160 
no  25 -1408067549 150 
no  26   101949539 145 
no  27 -1090412650 150 
no  28   699305797 145 
no  29   -68537627 150 
no  30  -427693615 145 
no  31  1728126781 150 
no  32  1907610885 150 
no  33   927766232 150 
no  34  2021859038 155 
no  35 -1713521392 150 
no  36  2098283443 150 
no  37 -1480636488 150 
no  38  1123092368 145 
no  39  -595050641 150 
no  40   929416252 150 
no  41   883997865 145 
no  42  2133750815 150 
no  43  -115840021 150 
no  44  -624308674 145 
no  45 -1453655243 150 
no  46   576432526 150 
no  47 -1606612180 155 
no  48 -1927549147 150 
no  49  1302034618 155 
no  50  -460130539 150 
no  51  1523629477 155 
no  52 -1818462110 150 
no  53  -321205442 150 
no  54  1077686013 150 
no  55  -888005942 155 
no  56  1808888609 150 
no  57   568825867 145 
no  58  -819539193 150 
no  59  1949253829 150 
no  60    45246214 150 
no  61 -2007135005 145 
no  62 -1558055285 150 
no  63   482179017 155 
no  64   764072428 150 
no  65   124159275 150 
no  66  1410743132 150 
no  67  -978667447 150 
no  68   186807187 145 
no  69   642677069 150 
no  70   648474729 150 
no  71 -1471378877 150 
no  72 -1153336057 145 
no  73  -865481678 150 
no  74  -650653737 155 
no  75  -337408037 145 
no  76  2036154356 145 
no  77 -1104999366 150 
no  78  -973977455 145 
no  79 -1483316028 150 
no  80   882546612 155 
no  81  1605450589 150 
no  82  -854038418 150 
no  83   -31104357 150 
no  84  -821289652 145 
no  85   444948705 150 
no  86  -426050014 150 
no  87  1455086923 150 
no  88  -461272193 150 
no  89  -547048179 150 
no  90 -1567384779 150 
no  91  1992562137 155 
no  92 -2121632266 150 
no  93  1362271363 145 
no  94  1496969535 150 
no  95   879240104 150 
no  96  1608190588 155 
no  97  1238800802 145 
no  98  -549071128 145 
no  99  1784341116 150 
no 100   695054135 155 
Time excuted : 14.965000 
Ratio : 0  88  0  11
